23-Jul-2018 13:16:20.832 INFO [main] org.apache.catalina.startup.VersionLoggerListener.log Server version:        Apache Tomcat/9.0.10
23-Jul-2018 13:16:20.833 INFO [main] org.apache.catalina.startup.VersionLoggerListener.log Server built:          Jun 20 2018 17:32:21 UTC
23-Jul-2018 13:16:20.833 INFO [main] org.apache.catalina.startup.VersionLoggerListener.log Server number:         9.0.10.0
23-Jul-2018 13:16:20.833 INFO [main] org.apache.catalina.startup.VersionLoggerListener.log OS Name:               Linux
23-Jul-2018 13:16:20.833 INFO [main] org.apache.catalina.startup.VersionLoggerListener.log OS Version:            4.15.0-22-generic
23-Jul-2018 13:16:20.833 INFO [main] org.apache.catalina.startup.VersionLoggerListener.log Architecture:          amd64
23-Jul-2018 13:16:20.833 INFO [main] org.apache.catalina.startup.VersionLoggerListener.log Java Home:             /usr/lib/jvm/java-8-openjdk-amd64/jre
23-Jul-2018 13:16:20.833 INFO [main] org.apache.catalina.startup.VersionLoggerListener.log JVM Version:           1.8.0_171-8u171-b11-0ubuntu0.18.04.1-b11
23-Jul-2018 13:16:20.833 INFO [main] org.apache.catalina.startup.VersionLoggerListener.log JVM Vendor:            Oracle Corporation
23-Jul-2018 13:16:20.833 INFO [main] org.apache.catalina.startup.VersionLoggerListener.log CATALINA_BASE:         /home/omar/progetto/cata
23-Jul-2018 13:16:20.833 INFO [main] org.apache.catalina.startup.VersionLoggerListener.log CATALINA_HOME:         /opt/tomcat
23-Jul-2018 13:16:20.834 INFO [main] org.apache.catalina.startup.VersionLoggerListener.log Command line argument: -Djava.util.logging.config.file=/home/omar/progetto/cata/conf/logging.properties
23-Jul-2018 13:16:20.834 INFO [main] org.apache.catalina.startup.VersionLoggerListener.log Command line argument: -Djava.util.logging.manager=org.apache.juli.ClassLoaderLogManager
23-Jul-2018 13:16:20.834 INFO [main] org.apache.catalina.startup.VersionLoggerListener.log Command line argument: -Dhttp.nonProxyHosts=localhost|127.0.0.1|omar-pc
23-Jul-2018 13:16:20.834 INFO [main] org.apache.catalina.startup.VersionLoggerListener.log Command line argument: -Djdk.tls.ephemeralDHKeySize=2048
23-Jul-2018 13:16:20.834 INFO [main] org.apache.catalina.startup.VersionLoggerListener.log Command line argument: -Djava.protocol.handler.pkgs=org.apache.catalina.webresources
23-Jul-2018 13:16:20.834 INFO [main] org.apache.catalina.startup.VersionLoggerListener.log Command line argument: -Dorg.apache.catalina.security.SecurityListener.UMASK=0027
23-Jul-2018 13:16:20.834 INFO [main] org.apache.catalina.startup.VersionLoggerListener.log Command line argument: -Dignore.endorsed.dirs=
23-Jul-2018 13:16:20.834 INFO [main] org.apache.catalina.startup.VersionLoggerListener.log Command line argument: -Dcatalina.base=/home/omar/progetto/cata
23-Jul-2018 13:16:20.834 INFO [main] org.apache.catalina.startup.VersionLoggerListener.log Command line argument: -Dcatalina.home=/opt/tomcat
23-Jul-2018 13:16:20.834 INFO [main] org.apache.catalina.startup.VersionLoggerListener.log Command line argument: -Djava.io.tmpdir=/home/omar/progetto/cata/temp
23-Jul-2018 13:16:20.834 INFO [main] org.apache.catalina.core.AprLifecycleListener.lifecycleEvent The APR based Apache Tomcat Native library which allows optimal performance in production environments was not found on the java.library.path: [/usr/lib/jvm/java-8-openjdk-amd64/jre/lib/amd64:/usr/lib/jvm/java-8-openjdk-amd64/jre/lib/i386::/usr/java/packages/lib/amd64:/usr/lib/x86_64-linux-gnu/jni:/lib/x86_64-linux-gnu:/usr/lib/x86_64-linux-gnu:/usr/lib/jni:/lib:/usr/lib]
23-Jul-2018 13:16:20.887 INFO [main] org.apache.coyote.AbstractProtocol.init Initializing ProtocolHandler ["http-nio-8080"]
23-Jul-2018 13:16:20.896 INFO [main] org.apache.tomcat.util.net.NioSelectorPool.getSharedSelector Using a shared selector for servlet write/read
23-Jul-2018 13:16:20.901 INFO [main] org.apache.coyote.AbstractProtocol.init Initializing ProtocolHandler ["ajp-nio-8009"]
23-Jul-2018 13:16:20.901 INFO [main] org.apache.tomcat.util.net.NioSelectorPool.getSharedSelector Using a shared selector for servlet write/read
23-Jul-2018 13:16:20.902 INFO [main] org.apache.catalina.startup.Catalina.load Initialization processed in 344 ms
23-Jul-2018 13:16:20.916 INFO [main] org.apache.catalina.core.StandardService.startInternal Starting service [Catalina]
23-Jul-2018 13:16:20.917 INFO [main] org.apache.catalina.core.StandardEngine.startInternal Starting Servlet Engine: Apache Tomcat/9.0.10
23-Jul-2018 13:16:20.929 INFO [main] org.apache.catalina.startup.HostConfig.deployDescriptor Deploying deployment descriptor [/home/omar/progetto/cata/conf/Catalina/localhost/ROOT.xml]
23-Jul-2018 13:16:20.956 WARNING [main] org.apache.catalina.startup.HostConfig.deployDescriptor The path attribute with value [] in deployment descriptor [/home/omar/progetto/cata/conf/Catalina/localhost/ROOT.xml] has been ignored
23-Jul-2018 13:16:21.155 INFO [main] org.apache.catalina.startup.HostConfig.deployDescriptor Deployment of deployment descriptor [/home/omar/progetto/cata/conf/Catalina/localhost/ROOT.xml] has finished in [225] ms
23-Jul-2018 13:16:21.155 INFO [main] org.apache.catalina.startup.HostConfig.deployDescriptor Deploying deployment descriptor [/home/omar/progetto/cata/conf/Catalina/localhost/manager.xml]
23-Jul-2018 13:16:21.179 INFO [main] org.apache.catalina.startup.HostConfig.deployDescriptor Deployment of deployment descriptor [/home/omar/progetto/cata/conf/Catalina/localhost/manager.xml] has finished in [24] ms
23-Jul-2018 13:16:21.182 INFO [main] org.apache.coyote.AbstractProtocol.start Starting ProtocolHandler ["http-nio-8080"]
23-Jul-2018 13:16:21.190 INFO [main] org.apache.coyote.AbstractProtocol.start Starting ProtocolHandler ["ajp-nio-8009"]
23-Jul-2018 13:16:21.192 INFO [main] org.apache.catalina.startup.Catalina.start Server startup in 290 ms
23-Jul-2018 13:16:26.872 WARNING [http-nio-8080-exec-10] org.apache.catalina.realm.LockOutRealm.filterLockedAccounts An attempt was made to authenticate the locked user [omar]
23-Jul-2018 13:16:27.119 WARNING [http-nio-8080-exec-1] org.apache.catalina.realm.LockOutRealm.filterLockedAccounts An attempt was made to authenticate the locked user [omar]
23-Jul-2018 13:16:27.710 WARNING [http-nio-8080-exec-3] org.apache.catalina.realm.LockOutRealm.filterLockedAccounts An attempt was made to authenticate the locked user [omar]
23-Jul-2018 13:16:28.141 WARNING [http-nio-8080-exec-5] org.apache.catalina.realm.LockOutRealm.filterLockedAccounts An attempt was made to authenticate the locked user [omar]
23-Jul-2018 13:16:28.525 WARNING [http-nio-8080-exec-7] org.apache.catalina.realm.LockOutRealm.filterLockedAccounts An attempt was made to authenticate the locked user [omar]
23-Jul-2018 13:16:28.838 WARNING [http-nio-8080-exec-10] org.apache.catalina.realm.LockOutRealm.filterLockedAccounts An attempt was made to authenticate the locked user [omar]
23-Jul-2018 13:16:29.239 WARNING [http-nio-8080-exec-1] org.apache.catalina.realm.LockOutRealm.filterLockedAccounts An attempt was made to authenticate the locked user [omar]
23-Jul-2018 13:16:29.494 WARNING [http-nio-8080-exec-3] org.apache.catalina.realm.LockOutRealm.filterLockedAccounts An attempt was made to authenticate the locked user [omar]
23-Jul-2018 13:16:29.788 WARNING [http-nio-8080-exec-5] org.apache.catalina.realm.LockOutRealm.filterLockedAccounts An attempt was made to authenticate the locked user [omar]
23-Jul-2018 13:16:49.138 WARNING [http-nio-8080-exec-3] org.apache.catalina.realm.LockOutRealm.filterLockedAccounts An attempt was made to authenticate the locked user [omar]
23-Jul-2018 13:16:51.800 INFO [main] org.apache.catalina.core.StandardServer.await A valid shutdown command was received via the shutdown port. Stopping the Server instance.
23-Jul-2018 13:16:51.800 INFO [main] org.apache.coyote.AbstractProtocol.pause Pausing ProtocolHandler ["http-nio-8080"]
23-Jul-2018 13:16:51.853 INFO [main] org.apache.coyote.AbstractProtocol.pause Pausing ProtocolHandler ["ajp-nio-8009"]
23-Jul-2018 13:16:51.904 INFO [main] org.apache.catalina.core.StandardService.stopInternal Stopping service [Catalina]
23-Jul-2018 13:16:51.938 INFO [main] org.apache.coyote.AbstractProtocol.stop Stopping ProtocolHandler ["http-nio-8080"]
23-Jul-2018 13:16:51.940 INFO [main] org.apache.coyote.AbstractProtocol.stop Stopping ProtocolHandler ["ajp-nio-8009"]
23-Jul-2018 13:16:51.941 INFO [main] org.apache.coyote.AbstractProtocol.destroy Destroying ProtocolHandler ["http-nio-8080"]
23-Jul-2018 13:16:51.942 INFO [main] org.apache.coyote.AbstractProtocol.destroy Destroying ProtocolHandler ["ajp-nio-8009"]
